<?xml version="1.0" encoding="UTF-8"?>
<testsuite name="com.opencsv.StateSensusHandlerTest" tests="1" skipped="0" failures="0" errors="0" timestamp="2019-11-30T10:18:31" hostname="admin1-desktop" time="0.003">
  <properties/>
  <testcase name="givenStateCensusInformationFile_whenImproperFile_shouldHandleException" classname="com.opencsv.StateSensusHandlerTest" time="0.003"/>
  <system-out><![CDATA[]]></system-out>
  <system-err><![CDATA[]]></system-err>
</testsuite>
